[2025-07-10 02:04:58] [WARNING] [security] 系统异常
  Details: {
  "content": "服务器发生未捕获的异常: listen EADDRINUSE: address already in use :::3001\n\nError: listen EADDRINUSE: address already in use :::3001\n    at Server.setupListenHandle [as _listen2] (node:net:1817:16)\n    at listenInCluster (node:net:1865:12)\n    at Server.listen (node:net:1953:7)\n    at Function.listen (/Users/mac/Desktop/kazay官网/node_modules/express/lib/application.js:635:24)\n    at Object.<anonymous> (/Users/mac/Desktop/kazay官网/app.js:1369:5)\n    at Module._compile (node:internal/modules/cjs/loader:1364:14)\n    at Module._extensions..js (node:internal/modules/cjs/loader:1422:10)\n    at Module.load (node:internal/modules/cjs/loader:1203:32)\n    at Module._load (node:internal/modules/cjs/loader:1019:12)\n    at Function.executeUserEntryPoint [as runMain] (node:internal/modules/run_main:128:12)",
  "ip": "服务器",
  "userAgent": "Node.js进程"
}
[2025-07-10 02:05:24] [INFO] [system] 服务器已启动，端口: 3001，环境: production
[2025-07-10 02:05:38] [WARNING] [security] 系统异常
  Details: {
  "content": "服务器发生未捕获的异常: listen EADDRINUSE: address already in use :::3001\n\nError: listen EADDRINUSE: address already in use :::3001\n    at Server.setupListenHandle [as _listen2] (node:net:1817:16)\n    at listenInCluster (node:net:1865:12)\n    at Server.listen (node:net:1953:7)\n    at Function.listen (/Users/mac/Desktop/kazay官网/node_modules/express/lib/application.js:635:24)\n    at Object.<anonymous> (/Users/mac/Desktop/kazay官网/app.js:1369:5)\n    at Module._compile (node:internal/modules/cjs/loader:1364:14)\n    at Module._extensions..js (node:internal/modules/cjs/loader:1422:10)\n    at Module.load (node:internal/modules/cjs/loader:1203:32)\n    at Module._load (node:internal/modules/cjs/loader:1019:12)\n    at Function.executeUserEntryPoint [as runMain] (node:internal/modules/run_main:128:12)",
  "ip": "服务器",
  "userAgent": "Node.js进程"
}
[2025-07-10 02:06:59] [WARNING] [security] 系统异常
  Details: {
  "content": "服务器发生未捕获的异常: listen EADDRINUSE: address already in use :::3001\n\nError: listen EADDRINUSE: address already in use :::3001\n    at Server.setupListenHandle [as _listen2] (node:net:1817:16)\n    at listenInCluster (node:net:1865:12)\n    at Server.listen (node:net:1953:7)\n    at Function.listen (/Users/mac/Desktop/kazay官网/node_modules/express/lib/application.js:635:24)\n    at Object.<anonymous> (/Users/mac/Desktop/kazay官网/app.js:1369:5)\n    at Module._compile (node:internal/modules/cjs/loader:1364:14)\n    at Module._extensions..js (node:internal/modules/cjs/loader:1422:10)\n    at Module.load (node:internal/modules/cjs/loader:1203:32)\n    at Module._load (node:internal/modules/cjs/loader:1019:12)\n    at Function.executeUserEntryPoint [as runMain] (node:internal/modules/run_main:128:12)",
  "ip": "服务器",
  "userAgent": "Node.js进程"
}
[2025-07-10 02:07:07] [WARNING] [security] 系统异常
  Details: {
  "content": "服务器发生未捕获的异常: listen EADDRINUSE: address already in use :::3001\n\nError: listen EADDRINUSE: address already in use :::3001\n    at Server.setupListenHandle [as _listen2] (node:net:1817:16)\n    at listenInCluster (node:net:1865:12)\n    at Server.listen (node:net:1953:7)\n    at Function.listen (/Users/mac/Desktop/kazay官网/node_modules/express/lib/application.js:635:24)\n    at Object.<anonymous> (/Users/mac/Desktop/kazay官网/app.js:1369:5)\n    at Module._compile (node:internal/modules/cjs/loader:1364:14)\n    at Module._extensions..js (node:internal/modules/cjs/loader:1422:10)\n    at Module.load (node:internal/modules/cjs/loader:1203:32)\n    at Module._load (node:internal/modules/cjs/loader:1019:12)\n    at Function.executeUserEntryPoint [as runMain] (node:internal/modules/run_main:128:12)",
  "ip": "服务器",
  "userAgent": "Node.js进程"
}
[2025-07-10 02:07:58] [INFO] [system] 服务器已启动，端口: 3001，环境: production
[2025-07-10 02:08:09] [WARNING] [security] 系统异常
  Details: {
  "content": "服务器发生未捕获的异常: listen EADDRINUSE: address already in use :::3001\n\nError: listen EADDRINUSE: address already in use :::3001\n    at Server.setupListenHandle [as _listen2] (node:net:1817:16)\n    at listenInCluster (node:net:1865:12)\n    at Server.listen (node:net:1953:7)\n    at Function.listen (/Users/mac/Desktop/kazay官网/node_modules/express/lib/application.js:635:24)\n    at Object.<anonymous> (/Users/mac/Desktop/kazay官网/app.js:1369:5)\n    at Module._compile (node:internal/modules/cjs/loader:1364:14)\n    at Module._extensions..js (node:internal/modules/cjs/loader:1422:10)\n    at Module.load (node:internal/modules/cjs/loader:1203:32)\n    at Module._load (node:internal/modules/cjs/loader:1019:12)\n    at Function.executeUserEntryPoint [as runMain] (node:internal/modules/run_main:128:12)",
  "ip": "服务器",
  "userAgent": "Node.js进程"
}
[2025-07-10 02:08:54] [INFO] [system] 服务器已启动，端口: 3001，环境: production
[2025-07-10 02:09:28] [INFO] [system] 服务器已启动，端口: 3002，环境: production
[2025-07-10 02:09:35] [INFO] [access] 页面访问
  Details: {
  "ip": "::1",
  "timestamp": "2025-07-09T21:09:35.397Z"
}
[2025-07-10 02:09:55] [WARNING] [security] 未授权访问管理页面
  Details: {
  "ip": "::1",
  "path": "/admin/settings",
  "userAgent": "Mozilla/5.0 (Macintosh; Intel Mac OS X 10_15_7) AppleWebKit/537.36 (KHTML, like Gecko) Chrome/137.0.0.0 Safari/537.36"
}
[2025-07-10 02:10:18] [INFO] [access] 页面访问
  Details: {
  "ip": "::1",
  "timestamp": "2025-07-09T21:10:18.492Z"
}
[2025-07-10 02:10:19] [INFO] [access] 页面访问
  Details: {
  "ip": "::1",
  "timestamp": "2025-07-09T21:10:19.951Z"
}
[2025-07-10 02:10:20] [INFO] [access] 页面访问
  Details: {
  "ip": "::1",
  "timestamp": "2025-07-09T21:10:20.187Z"
}
[2025-07-10 02:11:26] [WARNING] [security] 未授权访问管理页面
  Details: {
  "ip": "::1",
  "path": "/admin/logs",
  "userAgent": "curl/8.7.1"
}
